<?xml version="1.0" encoding="UTF-8"?>
<!-- Generated by org.testng.reporters.JUnitReportReporter -->
<testsuite hostname="MSI" failures="0" tests="1" name="amazonTest.AmazonTestProfileEdit4" time="15.579" errors="0" timestamp="2024-10-04T11:35:23 IST" skipped="0">
  <testcase classname="amazonTest.AmazonTestProfileEdit4" name="profile" time="15.579"/>
  <system-out/>
</testsuite> <!-- amazonTest.AmazonTestProfileEdit4 -->
