<?xml version="1.0" encoding="UTF-8"?>
<!-- Generated by org.testng.reporters.JUnitReportReporter -->
<testsuite hostname="MSI" failures="0" tests="1" name="amazonTest.LogAmazonTest2" time="9.008" errors="0" timestamp="2024-10-03T20:48:25 IST" skipped="0">
  <testcase classname="amazonTest.LogAmazonTest2" name="loginToAmazon" time="9.008"/>
  <system-out/>
</testsuite> <!-- amazonTest.LogAmazonTest2 -->
