<?xml version="1.0" encoding="UTF-8"?>
<!-- Generated by org.testng.reporters.JUnitReportReporter -->
<testsuite hostname="MSI" failures="0" tests="1" name="amazonTest.AmazonTestLoginFailsEmail3" time="9.187" errors="0" timestamp="2024-10-03T20:17:33 IST" skipped="0">
  <testcase classname="amazonTest.AmazonTestLoginFailsEmail3" name="loginToAmazon" time="9.187"/>
  <system-out/>
</testsuite> <!-- amazonTest.AmazonTestLoginFailsEmail3 -->
