<?xml version="1.0" encoding="UTF-8"?>
<!-- Generated by org.testng.reporters.JUnitReportReporter -->
<testsuite hostname="MSI" failures="0" tests="1" name="amazonTest.AmazonCartWithOutLogTest15" time="19.058" errors="0" timestamp="2024-10-06T18:53:58 IST" skipped="0">
  <testcase classname="amazonTest.AmazonCartWithOutLogTest15" name="cartWithoutLogin" time="19.058"/>
  <system-out/>
</testsuite> <!-- amazonTest.AmazonCartWithOutLogTest15 -->
