<?xml version="1.0" encoding="UTF-8"?>
<!-- Generated by org.testng.reporters.JUnitReportReporter -->
<testsuite hostname="MSI" failures="0" tests="1" name="projectOnAmazon.AmazonProject.Tst" time="0.006" errors="0" timestamp="2024-09-30T17:34:24 IST" skipped="0">
  <testcase classname="projectOnAmazon.AmazonProject.Tst" name="login" time="0.006"/>
</testsuite> <!-- projectOnAmazon.AmazonProject.Tst -->
