<?xml version="1.0" encoding="UTF-8"?>
<!-- Generated by org.testng.reporters.JUnitReportReporter -->
<testsuite hostname="MSI" failures="0" tests="1" name="amazonTest.AmazonTestVerifySearchFilters6" time="23.044" errors="0" timestamp="2024-10-04T20:34:52 IST" skipped="0">
  <testcase classname="amazonTest.AmazonTestVerifySearchFilters6" name="searchFil" time="23.044"/>
  <system-out/>
</testsuite> <!-- amazonTest.AmazonTestVerifySearchFilters6 -->
