<?xml version="1.0" encoding="UTF-8"?>
<!-- Generated by org.testng.reporters.JUnitReportReporter -->
<testsuite hostname="MSI" failures="0" tests="1" name="amazonTest.AmazonTestProfileEdit" time="14.340" errors="0" timestamp="2024-10-03T22:06:00 IST" skipped="0">
  <testcase classname="amazonTest.AmazonTestProfileEdit" name="profile" time="14.340"/>
  <system-out/>
</testsuite> <!-- amazonTest.AmazonTestProfileEdit -->
