<?xml version="1.0" encoding="UTF-8"?>
<!-- Generated by org.testng.reporters.JUnitReportReporter -->
<testsuite hostname="MSI" failures="0" tests="1" name="amazonTest.AmazonTestSearchProduct5" time="11.807" errors="0" timestamp="2024-10-04T20:22:20 IST" skipped="0">
  <testcase classname="amazonTest.AmazonTestSearchProduct5" name="searchProduct" time="11.807"/>
  <system-out/>
</testsuite> <!-- amazonTest.AmazonTestSearchProduct5 -->
