<?xml version="1.0" encoding="UTF-8"?>
<!-- Generated by org.testng.reporters.JUnitReportReporter -->
<testsuite hostname="MSI" failures="0" tests="1" name="amazonTest.AmazonTestProductInfomation7" time="17.054" errors="0" timestamp="2024-10-06T14:10:06 IST" skipped="0">
  <testcase classname="amazonTest.AmazonTestProductInfomation7" name="details" time="17.054"/>
  <system-out/>
</testsuite> <!-- amazonTest.AmazonTestProductInfomation7 -->
