<?xml version="1.0" encoding="UTF-8"?>
<!-- Generated by org.testng.reporters.JUnitReportReporter -->
<testsuite hostname="MSI" failures="0" tests="1" name="amazonTest.AmazonTestCartFromProductPage9" time="17.729" errors="0" timestamp="2024-10-07T18:36:54 IST" skipped="0">
  <testcase classname="amazonTest.AmazonTestCartFromProductPage9" name="show" time="17.729"/>
  <system-out/>
</testsuite> <!-- amazonTest.AmazonTestCartFromProductPage9 -->
