<?xml version="1.0" encoding="UTF-8"?>
<!-- Generated by org.testng.reporters.JUnitReportReporter -->
<testsuite hostname="MSI" failures="0" tests="1" name="amazonTest.AmazonRegisterTest" time="34.451" errors="0" timestamp="2024-10-03T11:09:55 IST" skipped="0">
  <testcase classname="amazonTest.AmazonRegisterTest" name="registration" time="34.451"/>
  <system-out/>
</testsuite> <!-- amazonTest.AmazonRegisterTest -->
