<?xml version="1.0" encoding="UTF-8"?>
<!-- Generated by org.testng.reporters.JUnitReportReporter -->
<testsuite hostname="MSI" failures="0" tests="1" name="amazonTest.AmazonTestProductSorted8" time="27.993" errors="0" timestamp="2024-10-08T11:09:18 IST" skipped="0">
  <testcase classname="amazonTest.AmazonTestProductSorted8" name="ProSort" time="27.993"/>
  <system-out/>
</testsuite> <!-- amazonTest.AmazonTestProductSorted8 -->
